生成启动时间为 2019/3/27 22:12:16。
     1>项目“E:\Learn\Tin11-6-9-10-20\Tin11\Tin11.vcxproj”在节点 2 上(build 个目标)。
     1>InitializeBuildStatus:
         正在创建“Debug\Tin11.unsuccessfulbuild”，因为已指定“AlwaysCreate”。
       ClCompile:
         所有输出均为最新。
         D:\Program Files (x86)\Microsoft Visual Studio 10.0\VC\bin\CL.exe /c /ZI /nologo /W3 /WX- /Od /Oy- /D WIN32 /D _DEBUG /D _CONSOLE /D _UNICODE /D UNICODE /Gm /EHsc /RTC1 /MDd /GS /fp:precise /Zc:wchar_t /Zc:forScope /Yu"StdAfx.h" /Fp"Debug\Tin11.pch" /Fo"Debug\\" /Fd"Debug\vc100.pdb" /Gd /TP /analyze- /errorReport:prompt Tin11.cpp
         Tin11.cpp
       ManifestResourceCompile:
         所有输出均为最新。
       Link:
         D:\Program Files (x86)\Microsoft Visual Studio 10.0\VC\bin\link.exe /ERRORREPORT:PROMPT /OUT:"E:\Learn\Tin11-6-9-10-20\Debug\Tin11.exe" /INCREMENTAL /NOLOGO OpenThreadsd.lib osgd.lib osgDBd.lib osgFXd.lib osgGAd.lib osgManipulatord.lib osgParticled.lib osgShadowd.lib osgSimd.lib osgTerraind.lib osgTextd.lib osgUtild.lib osgViewerd.lib pthreadVC2.lib pthreadVCE2.lib pthreadVSE2.lib kernel32.lib user32.lib gdi32.lib winspool.lib comdlg32.lib advapi32.lib shell32.lib ole32.lib oleaut32.lib uuid.lib odbc32.lib odbccp32.lib /MANIFEST /ManifestFile:"Debug\Tin11.exe.intermediate.manifest" /MANIFESTUAC:"level='asInvoker' uiAccess='false'" /DEBUG /PDB:"E:\Learn\Tin11-6-9-10-20\Debug\Tin11.pdb" /SUBSYSTEM:CONSOLE /STACK:"40000000" /TLBID:1 /DYNAMICBASE /NXCOMPAT /IMPLIB:"E:\Learn\Tin11-6-9-10-20\Debug\Tin11.lib" /MACHINE:X86 Debug\Tin11.exe.embed.manifest.res
         Debug\stdafx.obj
         Debug\Tin11.obj
       Manifest:
         C:\Program Files (x86)\Microsoft SDKs\Windows\v7.0A\bin\mt.exe /nologo /verbose /out:"Debug\Tin11.exe.embed.manifest" /manifest Debug\Tin11.exe.intermediate.manifest
         所有输出均为最新。
       LinkEmbedManifest:
         所有输出均为最新。
         Tin11.vcxproj -> E:\Learn\Tin11-6-9-10-20\Debug\Tin11.exe
       FinalizeBuildStatus:
         正在删除文件“Debug\Tin11.unsuccessfulbuild”。
         正在对“Debug\Tin11.lastbuildstate”执行 Touch 任务。
     1>已完成生成项目“E:\Learn\Tin11-6-9-10-20\Tin11\Tin11.vcxproj”(build 个目标)的操作。

生成成功。

已用时间 00:00:09.84
