C:\USERS\JAGGERJACK330\DOCUMENTS\VISUAL STUDIO 2010\PROJECTS\TIN11\DEBUG\TIN11.EXE
C:\USERS\JAGGERJACK330\DOCUMENTS\VISUAL STUDIO 2010\PROJECTS\TIN11\DEBUG\TIN11.ILK
C:\USERS\JAGGERJACK330\DOCUMENTS\VISUAL STUDIO 2010\PROJECTS\TIN11\DEBUG\TIN11.PDB
C:\Users\jaggerjack330\Documents\Visual Studio 2010\Projects\Tin11\Tin11\Debug\cl.command.1.tlog
C:\Users\jaggerjack330\Documents\Visual Studio 2010\Projects\Tin11\Tin11\Debug\CL.read.1.tlog
C:\Users\jaggerjack330\Documents\Visual Studio 2010\Projects\Tin11\Tin11\Debug\CL.write.1.tlog
C:\Users\jaggerjack330\Documents\Visual Studio 2010\Projects\Tin11\Tin11\Debug\link.13528.read.1.tlog
C:\Users\jaggerjack330\Documents\Visual Studio 2010\Projects\Tin11\Tin11\Debug\link.13528.write.1.tlog
C:\Users\jaggerjack330\Documents\Visual Studio 2010\Projects\Tin11\Tin11\Debug\link.13528-cvtres.read.1.tlog
C:\Users\jaggerjack330\Documents\Visual Studio 2010\Projects\Tin11\Tin11\Debug\link.13528-cvtres.write.1.tlog
C:\Users\jaggerjack330\Documents\Visual Studio 2010\Projects\Tin11\Tin11\Debug\link.6996.read.1.tlog
C:\Users\jaggerjack330\Documents\Visual Studio 2010\Projects\Tin11\Tin11\Debug\link.6996.write.1.tlog
C:\Users\jaggerjack330\Documents\Visual Studio 2010\Projects\Tin11\Tin11\Debug\link.6996-cvtres.read.1.tlog
C:\Users\jaggerjack330\Documents\Visual Studio 2010\Projects\Tin11\Tin11\Debug\link.6996-cvtres.write.1.tlog
C:\Users\jaggerjack330\Documents\Visual Studio 2010\Projects\Tin11\Tin11\Debug\link.712.read.1.tlog
C:\Users\jaggerjack330\Documents\Visual Studio 2010\Projects\Tin11\Tin11\Debug\link.712.write.1.tlog
C:\Users\jaggerjack330\Documents\Visual Studio 2010\Projects\Tin11\Tin11\Debug\link.712-cvtres.read.1.tlog
C:\Users\jaggerjack330\Documents\Visual Studio 2010\Projects\Tin11\Tin11\Debug\link.712-cvtres.write.1.tlog
C:\Users\jaggerjack330\Documents\Visual Studio 2010\Projects\Tin11\Tin11\Debug\link.command.1.tlog
C:\Users\jaggerjack330\Documents\Visual Studio 2010\Projects\Tin11\Tin11\Debug\link.read.1.tlog
C:\Users\jaggerjack330\Documents\Visual Studio 2010\Projects\Tin11\Tin11\Debug\link.write.1.tlog
C:\Users\jaggerjack330\Documents\Visual Studio 2010\Projects\Tin11\Tin11\Debug\link-cvtres.read.1.tlog
C:\Users\jaggerjack330\Documents\Visual Studio 2010\Projects\Tin11\Tin11\Debug\link-cvtres.write.1.tlog
C:\Users\jaggerjack330\Documents\Visual Studio 2010\Projects\Tin11\Tin11\Debug\mt.command.1.tlog
C:\Users\jaggerjack330\Documents\Visual Studio 2010\Projects\Tin11\Tin11\Debug\mt.read.1.tlog
C:\Users\jaggerjack330\Documents\Visual Studio 2010\Projects\Tin11\Tin11\Debug\mt.write.1.tlog
C:\Users\jaggerjack330\Documents\Visual Studio 2010\Projects\Tin11\Tin11\Debug\rc.command.1.tlog
C:\Users\jaggerjack330\Documents\Visual Studio 2010\Projects\Tin11\Tin11\Debug\rc.read.1.tlog
C:\Users\jaggerjack330\Documents\Visual Studio 2010\Projects\Tin11\Tin11\Debug\rc.write.1.tlog
C:\USERS\JAGGERJACK330\DOCUMENTS\VISUAL STUDIO 2010\PROJECTS\TIN11\TIN11\DEBUG\STDAFX.OBJ
C:\USERS\JAGGERJACK330\DOCUMENTS\VISUAL STUDIO 2010\PROJECTS\TIN11\TIN11\DEBUG\TIN11.EXE.EMBED.MANIFEST
C:\USERS\JAGGERJACK330\DOCUMENTS\VISUAL STUDIO 2010\PROJECTS\TIN11\TIN11\DEBUG\TIN11.EXE.EMBED.MANIFEST.RES
C:\USERS\JAGGERJACK330\DOCUMENTS\VISUAL STUDIO 2010\PROJECTS\TIN11\TIN11\DEBUG\TIN11.EXE.INTERMEDIATE.MANIFEST
C:\USERS\JAGGERJACK330\DOCUMENTS\VISUAL STUDIO 2010\PROJECTS\TIN11\TIN11\DEBUG\TIN11.OBJ
C:\USERS\JAGGERJACK330\DOCUMENTS\VISUAL STUDIO 2010\PROJECTS\TIN11\TIN11\DEBUG\TIN11.PCH
C:\Users\jaggerjack330\Documents\Visual Studio 2010\Projects\Tin11\Tin11\Debug\Tin11.vcxprojResolveAssemblyReference.cache
C:\Users\jaggerjack330\Documents\Visual Studio 2010\Projects\Tin11\Tin11\Debug\Tin11.write.1.tlog
C:\Users\jaggerjack330\Documents\Visual Studio 2010\Projects\Tin11\Tin11\Debug\Tin11_manifest.rc
C:\Users\jaggerjack330\Documents\Visual Studio 2010\Projects\Tin11\Tin11\Debug\vc100.idb
C:\USERS\JAGGERJACK330\DOCUMENTS\VISUAL STUDIO 2010\PROJECTS\TIN11\TIN11\DEBUG\VC100.PDB
