生成启动时间为 2019/5/17 9:40:53。
     1>项目“E:\Learn\Tin\Tin11\Tin11.vcxproj”在节点 2 上(build 个目标)。
     1>InitializeBuildStatus:
         正在创建“Release\Tin11.unsuccessfulbuild”，因为已指定“AlwaysCreate”。
       ClCompile:
         D:\Program Files (x86)\Microsoft Visual Studio 10.0\VC\bin\CL.exe /c /Zi /nologo /W3 /WX- /O2 /Oi /Oy- /GL /D WIN32 /D NDEBUG /D _CONSOLE /D _UNICODE /D UNICODE /Gm- /EHsc /MD /GS /Gy /fp:precise /Zc:wchar_t /Zc:forScope /Yc"StdAfx.h" /Fp"Release\Tin11.pch" /Fo"Release\\" /Fd"Release\vc100.pdb" /Gd /TP /analyze- /errorReport:prompt stdafx.cpp
         stdafx.cpp
         D:\Program Files (x86)\Microsoft Visual Studio 10.0\VC\bin\CL.exe /c /Zi /nologo /W3 /WX- /O2 /Oi /Oy- /GL /D WIN32 /D NDEBUG /D _CONSOLE /D _UNICODE /D UNICODE /Gm- /EHsc /MD /GS /Gy /fp:precise /Zc:wchar_t /Zc:forScope /Yu"StdAfx.h" /Fp"Release\Tin11.pch" /Fo"Release\\" /Fd"Release\vc100.pdb" /Gd /TP /analyze- /errorReport:prompt Tin11.cpp
         Tin11.cpp
       Link:
         D:\Program Files (x86)\Microsoft Visual Studio 10.0\VC\bin\link.exe /ERRORREPORT:PROMPT /OUT:"E:\Learn\Tin\Release\Tin11.exe" /INCREMENTAL:NO /NOLOGO OpenThreads.lib osg.lib osgDB.lib osgFX.lib osgGA.lib osgManipulator.lib osgParticle.lib osgShadow.lib osgSim.lib osgTerrain.lib osgText.lib osgUtil.lib osgViewer.lib pthreadVC2.lib pthreadVCE2.lib pthreadVSE2.lib kernel32.lib user32.lib gdi32.lib winspool.lib comdlg32.lib advapi32.lib shell32.lib ole32.lib oleaut32.lib uuid.lib odbc32.lib odbccp32.lib /MANIFEST /ManifestFile:"Release\Tin11.exe.intermediate.manifest" /MANIFESTUAC:"level='asInvoker' uiAccess='false'" /DEBUG /PDB:"E:\Learn\Tin\Release\Tin11.pdb" /SUBSYSTEM:CONSOLE /OPT:REF /OPT:ICF /LTCG /TLBID:1 /DYNAMICBASE /NXCOMPAT /IMPLIB:"E:\Learn\Tin\Release\Tin11.lib" /MACHINE:X86 Release\stdafx.obj
         Release\Tin11.obj
         正在生成代码
         已完成代码的生成
         Tin11.vcxproj -> E:\Learn\Tin\Release\Tin11.exe
       Manifest:
         C:\Program Files (x86)\Microsoft SDKs\Windows\v7.0A\bin\mt.exe /nologo /verbose /outputresource:"E:\Learn\Tin\Release\Tin11.exe;#1" /manifest Release\Tin11.exe.intermediate.manifest
       FinalizeBuildStatus:
         正在删除文件“Release\Tin11.unsuccessfulbuild”。
         正在对“Release\Tin11.lastbuildstate”执行 Touch 任务。
     1>已完成生成项目“E:\Learn\Tin\Tin11\Tin11.vcxproj”(build 个目标)的操作。

生成成功。

已用时间 00:00:35.49
